<?xml version="1.0" encoding="UTF-8"?>
<!-- Generated by org.testng.reporters.JUnitReportReporter -->
<testsuite hostname="LAPTOP-AVO2SLVE" failures="0" tests="2" name="com.qa.tests.GetAPITest" time="0.927" errors="0" timestamp="14 Sep 2020 02:13:51 GMT" skipped="0">
  <testcase classname="com.qa.tests.GetAPITest" name="getAPITestWithoutHeaders" time="0.622"/>
  <testcase classname="com.qa.tests.GetAPITest" name="getAPITestWithHeaders" time="0.305"/>
</testsuite> <!-- com.qa.tests.GetAPITest -->
